<?xml version="1.0" encoding="UTF-8"?>
<!-- Generated by org.testng.reporters.JUnitXMLReporter -->
<testsuite hostname="DESKTOP-TPAFM3D" ignored="1" name="springboot" tests="9" failures="0" timestamp="2021-12-28T16:41:03 CST" time="37.311" errors="0">
  <testcase name="webTestByUseDatabase" time="1.053" classname="com.study.webTest.TestNGWebTest"/>
  <testcase name="webTestByUseDatabase" time="0.772" classname="com.study.webTest.TestNGWebTest"/>
  <testcase name="webTestByUseDatabase" time="0.772" classname="com.study.webTest.TestNGWebTest"/>
  <testcase name="webTestByUseDatabase" time="0.803" classname="com.study.webTest.TestNGWebTest"/>
  <testcase name="webTestByUseDatabase" time="0.741" classname="com.study.webTest.TestNGWebTest"/>
  <testcase name="webTestByUseDatabase" time="0.676" classname="com.study.webTest.TestNGWebTest"/>
  <testcase name="webTestByUseDatabase" time="0.67" classname="com.study.webTest.TestNGWebTest"/>
  <testcase name="webTestByUseDatabase" time="0.698" classname="com.study.webTest.TestNGWebTest"/>
  <testcase name="webTestByUseDatabase" time="0.816" classname="com.study.webTest.TestNGWebTest"/>
  <testcase name="webTestByUseExcel" time="0.0" classname="com.study.webTest.TestNGWebTest">
    <ignored/>
  </testcase> <!-- webTestByUseExcel -->
</testsuite> <!-- springboot -->
