<?xml version="1.0" encoding="UTF-8"?>
<!-- Generated by org.testng.reporters.JUnitXMLReporter -->
<testsuite hostname="DESKTOP-TPAFM3D" ignored="2" name="springboot" tests="9" failures="8" timestamp="2021-12-24T00:53:39 CST" time="103.349" errors="0">
  <testcase name="webTestByUseDatabase" time="16.486" classname="com.study.WebTest">
    <failure type="java.lang.AssertionError" message="expected:&amp;lt;admin&amp;gt; but was:&amp;lt;张三&amp;gt;">
      <![CDATA[java.lang.AssertionError: expected:<admin> but was:<张三>
at com.study.WebTest.webTestByUseDatabase(WebTest.java:47)
at java.util.ArrayList.forEach(ArrayList.java:1257)
at com.intellij.rt.testng.IDEARemoteTestNG.run(IDEARemoteTestNG.java:66)
at com.intellij.rt.testng.RemoteTestNGStarter.main(RemoteTestNGStarter.java:109)
... Removed 26 stack frames]]>
    </failure>
  </testcase> <!-- webTestByUseDatabase -->
  <testcase name="webTestByUseDatabase" time="7.057" classname="com.study.WebTest">
    <failure type="java.lang.AssertionError" message="expected:&amp;lt;123&amp;gt; but was:&amp;lt;admin&amp;gt;">
      <![CDATA[java.lang.AssertionError: expected:<123> but was:<admin>
at com.study.WebTest.webTestByUseDatabase(WebTest.java:48)
at java.util.ArrayList.forEach(ArrayList.java:1257)
at com.intellij.rt.testng.IDEARemoteTestNG.run(IDEARemoteTestNG.java:66)
at com.intellij.rt.testng.RemoteTestNGStarter.main(RemoteTestNGStarter.java:109)
... Removed 26 stack frames]]>
    </failure>
  </testcase> <!-- webTestByUseDatabase -->
  <testcase name="webTestByUseDatabase" time="5.757" classname="com.study.WebTest">
    <failure type="java.lang.AssertionError" message="expected:&amp;lt;admin&amp;gt; but was:&amp;lt;李四&amp;gt;">
      <![CDATA[java.lang.AssertionError: expected:<admin> but was:<李四>
at com.study.WebTest.webTestByUseDatabase(WebTest.java:47)
at java.util.ArrayList.forEach(ArrayList.java:1257)
at com.intellij.rt.testng.IDEARemoteTestNG.run(IDEARemoteTestNG.java:66)
at com.intellij.rt.testng.RemoteTestNGStarter.main(RemoteTestNGStarter.java:109)
... Removed 26 stack frames]]>
    </failure>
  </testcase> <!-- webTestByUseDatabase -->
  <testcase name="webTestByUseDatabase" time="6.254" classname="com.study.WebTest">
    <failure type="java.lang.AssertionError" message="expected:&amp;lt;admin&amp;gt; but was:&amp;lt;&amp;gt;">
      <![CDATA[java.lang.AssertionError: expected:<admin> but was:<>
at com.study.WebTest.webTestByUseDatabase(WebTest.java:47)
at java.util.ArrayList.forEach(ArrayList.java:1257)
at com.intellij.rt.testng.IDEARemoteTestNG.run(IDEARemoteTestNG.java:66)
at com.intellij.rt.testng.RemoteTestNGStarter.main(RemoteTestNGStarter.java:109)
... Removed 26 stack frames]]>
    </failure>
  </testcase> <!-- webTestByUseDatabase -->
  <testcase name="webTestByUseDatabase" time="8.925" classname="com.study.WebTest">
    <failure type="java.lang.AssertionError" message="expected:&amp;lt;123&amp;gt; but was:&amp;lt;&amp;gt;">
      <![CDATA[java.lang.AssertionError: expected:<123> but was:<>
at com.study.WebTest.webTestByUseDatabase(WebTest.java:48)
at java.util.ArrayList.forEach(ArrayList.java:1257)
at com.intellij.rt.testng.IDEARemoteTestNG.run(IDEARemoteTestNG.java:66)
at com.intellij.rt.testng.RemoteTestNGStarter.main(RemoteTestNGStarter.java:109)
... Removed 26 stack frames]]>
    </failure>
  </testcase> <!-- webTestByUseDatabase -->
  <testcase name="webTestByUseDatabase" time="9.023" classname="com.study.WebTest">
    <failure type="java.lang.AssertionError" message="expected:&amp;lt;admin&amp;gt; but was:&amp;lt;&amp;gt;">
      <![CDATA[java.lang.AssertionError: expected:<admin> but was:<>
at com.study.WebTest.webTestByUseDatabase(WebTest.java:47)
at java.util.ArrayList.forEach(ArrayList.java:1257)
at com.intellij.rt.testng.IDEARemoteTestNG.run(IDEARemoteTestNG.java:66)
at com.intellij.rt.testng.RemoteTestNGStarter.main(RemoteTestNGStarter.java:109)
... Removed 26 stack frames]]>
    </failure>
  </testcase> <!-- webTestByUseDatabase -->
  <testcase name="webTestByUseDatabase" time="9.728" classname="com.study.WebTest">
    <failure type="java.lang.AssertionError" message="expected:&amp;lt;admin&amp;gt; but was:&amp;lt;王五&amp;gt;">
      <![CDATA[java.lang.AssertionError: expected:<admin> but was:<王五>
at com.study.WebTest.webTestByUseDatabase(WebTest.java:47)
at java.util.ArrayList.forEach(ArrayList.java:1257)
at com.intellij.rt.testng.IDEARemoteTestNG.run(IDEARemoteTestNG.java:66)
at com.intellij.rt.testng.RemoteTestNGStarter.main(RemoteTestNGStarter.java:109)
... Removed 26 stack frames]]>
    </failure>
  </testcase> <!-- webTestByUseDatabase -->
  <testcase name="webTestByUseDatabase" time="12.23" classname="com.study.WebTest">
    <failure type="java.lang.AssertionError" message="expected:&amp;lt;admin&amp;gt; but was:&amp;lt;&amp;gt;">
      <![CDATA[java.lang.AssertionError: expected:<admin> but was:<>
at com.study.WebTest.webTestByUseDatabase(WebTest.java:47)
at java.util.ArrayList.forEach(ArrayList.java:1257)
at com.intellij.rt.testng.IDEARemoteTestNG.run(IDEARemoteTestNG.java:66)
at com.intellij.rt.testng.RemoteTestNGStarter.main(RemoteTestNGStarter.java:109)
... Removed 26 stack frames]]>
    </failure>
  </testcase> <!-- webTestByUseDatabase -->
  <testcase name="webTestByUseDatabase" time="26.46" classname="com.study.WebTest"/>
  <testcase name="webTestByUseDatabaseWithMybatis" time="0.0" classname="com.study.WebTest">
    <ignored/>
  </testcase> <!-- webTestByUseDatabaseWithMybatis -->
  <testcase name="webTestByUseExcel" time="0.0" classname="com.study.WebTest">
    <ignored/>
  </testcase> <!-- webTestByUseExcel -->
</testsuite> <!-- springboot -->
