<?xml version="1.0" encoding="UTF-8"?>
<testng-results skipped="0" failed="0" ignored="1" total="10" passed="9">
  <reporter-output>
  </reporter-output>
  <suite name="Default Suite" duration-ms="37311" started-at="2021-12-28T16:40:26 CST" finished-at="2021-12-28T16:41:03 CST">
    <groups>
    </groups>
    <test name="springboot" duration-ms="37311" started-at="2021-12-28T16:40:26 CST" finished-at="2021-12-28T16:41:03 CST">
      <class name="com.study.webTest.TestNGWebTest">
        <test-method status="PASS" signature="beforeClass()[pri:0, instance:com.study.webTest.TestNGWebTest@5bcea91b]" name="beforeClass" is-config="true" duration-ms="10302" started-at="2021-12-28T16:40:26 CST" finished-at="2021-12-28T16:40:36 CST">
          <reporter-output>
          </reporter-output>
        </test-method> <!-- beforeClass -->
        <test-method status="PASS" signature="before()[pri:0, instance:com.study.webTest.TestNGWebTest@5bcea91b]" name="before" is-config="true" duration-ms="0" started-at="2021-12-28T16:40:37 CST" finished-at="2021-12-28T16:40:37 CST">
          <reporter-output>
          </reporter-output>
        </test-method> <!-- before -->
        <test-method status="PASS" signature="webTestByUseDatabase(java.lang.String,java.lang.String,java.lang.String)[pri:0, instance:com.study.webTest.TestNGWebTest@5bcea91b]" name="webTestByUseDatabase" duration-ms="1053" started-at="2021-12-28T16:40:37 CST" data-provider="getDatabaseData" finished-at="2021-12-28T16:40:38 CST">
          <params>
            <param index="0">
              <value>
                <![CDATA[张三]]>
              </value>
            </param>
            <param index="1">
              <value>
                <![CDATA[123]]>
              </value>
            </param>
            <param index="2">
              <value>
                <![CDATA[用户不存在]]>
              </value>
            </param>
          </params>
          <reporter-output>
          </reporter-output>
        </test-method> <!-- webTestByUseDatabase -->
        <test-method status="PASS" signature="after()[pri:0, instance:com.study.webTest.TestNGWebTest@5bcea91b]" name="after" is-config="true" duration-ms="2014" started-at="2021-12-28T16:40:38 CST" finished-at="2021-12-28T16:40:40 CST">
          <reporter-output>
          </reporter-output>
        </test-method> <!-- after -->
        <test-method status="PASS" signature="before()[pri:0, instance:com.study.webTest.TestNGWebTest@5bcea91b]" name="before" is-config="true" duration-ms="1" started-at="2021-12-28T16:40:40 CST" finished-at="2021-12-28T16:40:40 CST">
          <reporter-output>
          </reporter-output>
        </test-method> <!-- before -->
        <test-method status="PASS" signature="webTestByUseDatabase(java.lang.String,java.lang.String,java.lang.String)[pri:0, instance:com.study.webTest.TestNGWebTest@5bcea91b]" name="webTestByUseDatabase" duration-ms="772" started-at="2021-12-28T16:40:40 CST" data-provider="getDatabaseData" finished-at="2021-12-28T16:40:41 CST">
          <params>
            <param index="0">
              <value>
                <![CDATA[admin]]>
              </value>
            </param>
            <param index="1">
              <value>
                <![CDATA[admin]]>
              </value>
            </param>
            <param index="2">
              <value>
                <![CDATA[密码输入错误]]>
              </value>
            </param>
          </params>
          <reporter-output>
          </reporter-output>
        </test-method> <!-- webTestByUseDatabase -->
        <test-method status="PASS" signature="after()[pri:0, instance:com.study.webTest.TestNGWebTest@5bcea91b]" name="after" is-config="true" duration-ms="2006" started-at="2021-12-28T16:40:41 CST" finished-at="2021-12-28T16:40:43 CST">
          <reporter-output>
          </reporter-output>
        </test-method> <!-- after -->
        <test-method status="PASS" signature="before()[pri:0, instance:com.study.webTest.TestNGWebTest@5bcea91b]" name="before" is-config="true" duration-ms="2" started-at="2021-12-28T16:40:43 CST" finished-at="2021-12-28T16:40:43 CST">
          <reporter-output>
          </reporter-output>
        </test-method> <!-- before -->
        <test-method status="PASS" signature="webTestByUseDatabase(java.lang.String,java.lang.String,java.lang.String)[pri:0, instance:com.study.webTest.TestNGWebTest@5bcea91b]" name="webTestByUseDatabase" duration-ms="772" started-at="2021-12-28T16:40:43 CST" data-provider="getDatabaseData" finished-at="2021-12-28T16:40:44 CST">
          <params>
            <param index="0">
              <value>
                <![CDATA[李四]]>
              </value>
            </param>
            <param index="1">
              <value>
                <![CDATA[error]]>
              </value>
            </param>
            <param index="2">
              <value>
                <![CDATA[用户不存在]]>
              </value>
            </param>
          </params>
          <reporter-output>
          </reporter-output>
        </test-method> <!-- webTestByUseDatabase -->
        <test-method status="PASS" signature="after()[pri:0, instance:com.study.webTest.TestNGWebTest@5bcea91b]" name="after" is-config="true" duration-ms="2006" started-at="2021-12-28T16:40:44 CST" finished-at="2021-12-28T16:40:46 CST">
          <reporter-output>
          </reporter-output>
        </test-method> <!-- after -->
        <test-method status="PASS" signature="before()[pri:0, instance:com.study.webTest.TestNGWebTest@5bcea91b]" name="before" is-config="true" duration-ms="1" started-at="2021-12-28T16:40:46 CST" finished-at="2021-12-28T16:40:46 CST">
          <reporter-output>
          </reporter-output>
        </test-method> <!-- before -->
        <test-method status="PASS" signature="webTestByUseDatabase(java.lang.String,java.lang.String,java.lang.String)[pri:0, instance:com.study.webTest.TestNGWebTest@5bcea91b]" name="webTestByUseDatabase" duration-ms="803" started-at="2021-12-28T16:40:46 CST" data-provider="getDatabaseData" finished-at="2021-12-28T16:40:46 CST">
          <params>
            <param index="0">
              <value>
                <![CDATA[]]>
              </value>
            </param>
            <param index="1">
              <value>
                <![CDATA[123]]>
              </value>
            </param>
            <param index="2">
              <value>
                <![CDATA[请输入用户名]]>
              </value>
            </param>
          </params>
          <reporter-output>
          </reporter-output>
        </test-method> <!-- webTestByUseDatabase -->
        <test-method status="PASS" signature="after()[pri:0, instance:com.study.webTest.TestNGWebTest@5bcea91b]" name="after" is-config="true" duration-ms="2011" started-at="2021-12-28T16:40:46 CST" finished-at="2021-12-28T16:40:48 CST">
          <reporter-output>
          </reporter-output>
        </test-method> <!-- after -->
        <test-method status="PASS" signature="before()[pri:0, instance:com.study.webTest.TestNGWebTest@5bcea91b]" name="before" is-config="true" duration-ms="1" started-at="2021-12-28T16:40:48 CST" finished-at="2021-12-28T16:40:48 CST">
          <reporter-output>
          </reporter-output>
        </test-method> <!-- before -->
        <test-method status="PASS" signature="webTestByUseDatabase(java.lang.String,java.lang.String,java.lang.String)[pri:0, instance:com.study.webTest.TestNGWebTest@5bcea91b]" name="webTestByUseDatabase" duration-ms="741" started-at="2021-12-28T16:40:48 CST" data-provider="getDatabaseData" finished-at="2021-12-28T16:40:49 CST">
          <params>
            <param index="0">
              <value>
                <![CDATA[admin]]>
              </value>
            </param>
            <param index="1">
              <value>
                <![CDATA[]]>
              </value>
            </param>
            <param index="2">
              <value>
                <![CDATA[请输入密码]]>
              </value>
            </param>
          </params>
          <reporter-output>
          </reporter-output>
        </test-method> <!-- webTestByUseDatabase -->
        <test-method status="PASS" signature="after()[pri:0, instance:com.study.webTest.TestNGWebTest@5bcea91b]" name="after" is-config="true" duration-ms="2003" started-at="2021-12-28T16:40:49 CST" finished-at="2021-12-28T16:40:51 CST">
          <reporter-output>
          </reporter-output>
        </test-method> <!-- after -->
        <test-method status="PASS" signature="before()[pri:0, instance:com.study.webTest.TestNGWebTest@5bcea91b]" name="before" is-config="true" duration-ms="0" started-at="2021-12-28T16:40:51 CST" finished-at="2021-12-28T16:40:51 CST">
          <reporter-output>
          </reporter-output>
        </test-method> <!-- before -->
        <test-method status="PASS" signature="webTestByUseDatabase(java.lang.String,java.lang.String,java.lang.String)[pri:0, instance:com.study.webTest.TestNGWebTest@5bcea91b]" name="webTestByUseDatabase" duration-ms="676" started-at="2021-12-28T16:40:51 CST" data-provider="getDatabaseData" finished-at="2021-12-28T16:40:52 CST">
          <params>
            <param index="0">
              <value>
                <![CDATA[]]>
              </value>
            </param>
            <param index="1">
              <value>
                <![CDATA[]]>
              </value>
            </param>
            <param index="2">
              <value>
                <![CDATA[请输入用户名]]>
              </value>
            </param>
          </params>
          <reporter-output>
          </reporter-output>
        </test-method> <!-- webTestByUseDatabase -->
        <test-method status="PASS" signature="after()[pri:0, instance:com.study.webTest.TestNGWebTest@5bcea91b]" name="after" is-config="true" duration-ms="2011" started-at="2021-12-28T16:40:52 CST" finished-at="2021-12-28T16:40:54 CST">
          <reporter-output>
          </reporter-output>
        </test-method> <!-- after -->
        <test-method status="PASS" signature="before()[pri:0, instance:com.study.webTest.TestNGWebTest@5bcea91b]" name="before" is-config="true" duration-ms="1" started-at="2021-12-28T16:40:54 CST" finished-at="2021-12-28T16:40:54 CST">
          <reporter-output>
          </reporter-output>
        </test-method> <!-- before -->
        <test-method status="PASS" signature="webTestByUseDatabase(java.lang.String,java.lang.String,java.lang.String)[pri:0, instance:com.study.webTest.TestNGWebTest@5bcea91b]" name="webTestByUseDatabase" duration-ms="670" started-at="2021-12-28T16:40:54 CST" data-provider="getDatabaseData" finished-at="2021-12-28T16:40:55 CST">
          <params>
            <param index="0">
              <value>
                <![CDATA[王五]]>
              </value>
            </param>
            <param index="1">
              <value>
                <![CDATA[]]>
              </value>
            </param>
            <param index="2">
              <value>
                <![CDATA[请输入密码]]>
              </value>
            </param>
          </params>
          <reporter-output>
          </reporter-output>
        </test-method> <!-- webTestByUseDatabase -->
        <test-method status="PASS" signature="after()[pri:0, instance:com.study.webTest.TestNGWebTest@5bcea91b]" name="after" is-config="true" duration-ms="2004" started-at="2021-12-28T16:40:55 CST" finished-at="2021-12-28T16:40:57 CST">
          <reporter-output>
          </reporter-output>
        </test-method> <!-- after -->
        <test-method status="PASS" signature="before()[pri:0, instance:com.study.webTest.TestNGWebTest@5bcea91b]" name="before" is-config="true" duration-ms="1" started-at="2021-12-28T16:40:57 CST" finished-at="2021-12-28T16:40:57 CST">
          <reporter-output>
          </reporter-output>
        </test-method> <!-- before -->
        <test-method status="PASS" signature="webTestByUseDatabase(java.lang.String,java.lang.String,java.lang.String)[pri:0, instance:com.study.webTest.TestNGWebTest@5bcea91b]" name="webTestByUseDatabase" duration-ms="698" started-at="2021-12-28T16:40:57 CST" data-provider="getDatabaseData" finished-at="2021-12-28T16:40:57 CST">
          <params>
            <param index="0">
              <value>
                <![CDATA[]]>
              </value>
            </param>
            <param index="1">
              <value>
                <![CDATA[error]]>
              </value>
            </param>
            <param index="2">
              <value>
                <![CDATA[请输入用户名]]>
              </value>
            </param>
          </params>
          <reporter-output>
          </reporter-output>
        </test-method> <!-- webTestByUseDatabase -->
        <test-method status="PASS" signature="after()[pri:0, instance:com.study.webTest.TestNGWebTest@5bcea91b]" name="after" is-config="true" duration-ms="2010" started-at="2021-12-28T16:40:57 CST" finished-at="2021-12-28T16:40:59 CST">
          <reporter-output>
          </reporter-output>
        </test-method> <!-- after -->
        <test-method status="PASS" signature="before()[pri:0, instance:com.study.webTest.TestNGWebTest@5bcea91b]" name="before" is-config="true" duration-ms="1" started-at="2021-12-28T16:40:59 CST" finished-at="2021-12-28T16:40:59 CST">
          <reporter-output>
          </reporter-output>
        </test-method> <!-- before -->
        <test-method status="PASS" signature="webTestByUseDatabase(java.lang.String,java.lang.String,java.lang.String)[pri:0, instance:com.study.webTest.TestNGWebTest@5bcea91b]" name="webTestByUseDatabase" duration-ms="816" started-at="2021-12-28T16:40:59 CST" data-provider="getDatabaseData" finished-at="2021-12-28T16:41:00 CST">
          <params>
            <param index="0">
              <value>
                <![CDATA[admin]]>
              </value>
            </param>
            <param index="1">
              <value>
                <![CDATA[123]]>
              </value>
            </param>
            <param index="2">
              <value>
                <![CDATA[登录成功]]>
              </value>
            </param>
          </params>
          <reporter-output>
          </reporter-output>
        </test-method> <!-- webTestByUseDatabase -->
        <test-method status="PASS" signature="after()[pri:0, instance:com.study.webTest.TestNGWebTest@5bcea91b]" name="after" is-config="true" duration-ms="2003" started-at="2021-12-28T16:41:00 CST" finished-at="2021-12-28T16:41:02 CST">
          <reporter-output>
          </reporter-output>
        </test-method> <!-- after -->
        <test-method status="PASS" signature="afterClass()[pri:0, instance:com.study.webTest.TestNGWebTest@5bcea91b]" name="afterClass" is-config="true" duration-ms="1291" started-at="2021-12-28T16:41:02 CST" finished-at="2021-12-28T16:41:03 CST">
          <reporter-output>
          </reporter-output>
        </test-method> <!-- afterClass -->
      </class> <!-- com.study.webTest.TestNGWebTest -->
    </test> <!-- springboot -->
  </suite> <!-- Default Suite -->
</testng-results>
